{"level":"info","message":"🔌 Database connection established successfully.","timestamp":"2026-05-31 16:20:44"}
{"level":"info","message":"🚀 Code N Clicks CRM server running on port 5000 in development mode.","timestamp":"2026-05-31 16:20:44"}
{"level":"info","message":"🔌 Database connection established successfully.","timestamp":"2026-05-31 16:21:33"}
{"level":"info","message":"🚀 Code N Clicks CRM server running on port 5000 in development mode.","timestamp":"2026-05-31 16:21:33"}
{"isOperational":true,"level":"error","message":"💥 Error handler caught: No employee profile associated with this user.","stack":"Error: No employee profile associated with this user.\n    at G:\\cncCRM\\backend\\src\\controllers\\hrms.controller.ts:40:17","status":"fail","statusCode":404,"timestamp":"2026-05-31 16:22:39"}
{"isOperational":true,"level":"error","message":"💥 Error handler caught: No employee profile associated with this user.","stack":"Error: No employee profile associated with this user.\n    at G:\\cncCRM\\backend\\src\\controllers\\hrms.controller.ts:40:17","status":"fail","statusCode":404,"timestamp":"2026-05-31 16:28:07"}
{"level":"info","message":"🔌 Database connection established successfully.","timestamp":"2026-05-31 16:39:36"}
{"level":"info","message":"🚀 Code N Clicks CRM server running on port 5000 in development mode.","timestamp":"2026-05-31 16:39:36"}
{"isOperational":true,"level":"error","message":"💥 Error handler caught: The user belonging to this token no longer exists.","stack":"Error: The user belonging to this token no longer exists.\n    at G:\\cncCRM\\backend\\src\\middlewares\\auth.middleware.ts:51:17","status":"fail","statusCode":401,"timestamp":"2026-05-31 16:39:50"}
{"level":"info","message":"🔌 Database connection established successfully.","timestamp":"2026-05-31 16:42:30"}
{"level":"info","message":"🚀 Code N Clicks CRM server running on port 5000 in development mode.","timestamp":"2026-05-31 16:42:30"}
{"level":"info","message":"🔌 Database connection established successfully.","timestamp":"2026-05-31 16:42:34"}
{"level":"info","message":"🚀 Code N Clicks CRM server running on port 5000 in development mode.","timestamp":"2026-05-31 16:42:34"}
{"level":"info","message":"🔌 Database connection established successfully.","timestamp":"2026-05-31 16:42:41"}
{"level":"info","message":"🚀 Code N Clicks CRM server running on port 5000 in development mode.","timestamp":"2026-05-31 16:42:41"}
{"level":"info","message":"🔌 Database connection established successfully.","timestamp":"2026-05-31 16:59:57"}
{"level":"info","message":"🚀 Code N Clicks CRM server running on port 5000 in development mode.","timestamp":"2026-05-31 16:59:57"}
{"clientVersion":"5.22.0","errorCode":"P1001","level":"error","message":"💥 Database connection failed: Can't reach database server at `localhost:3306`\n\nPlease make sure your database server is running at `localhost:3306`.","name":"PrismaClientInitializationError","stack":"PrismaClientInitializationError: Can't reach database server at `localhost:3306`\n\nPlease make sure your database server is running at `localhost:3306`.\n    at t (G:\\cncCRM\\backend\\node_modules\\@prisma\\client\\runtime\\library.js:112:2488)\n    at async startServer (G:\\cncCRM\\backend\\src\\server.ts:16:5)","timestamp":"2026-06-04 20:32:57"}
{"level":"info","message":"🔌 Database connection established successfully.","timestamp":"2026-06-04 20:33:28"}
{"level":"info","message":"🚀 Code N Clicks CRM server running on port 5000 in development mode.","timestamp":"2026-06-04 20:33:28"}
{"isOperational":true,"level":"error","message":"💥 Error handler caught: Invalid token. Please log in again.","stack":"Error: Invalid token. Please log in again.\n    at G:\\cncCRM\\backend\\src\\middlewares\\auth.middleware.ts:31:17\n    at G:\\cncCRM\\backend\\src\\utils\\catchAsync.ts:5:5\n    at Layer.handle [as handle_request] (G:\\cncCRM\\backend\\node_modules\\express\\lib\\router\\layer.js:95:5)\n    at trim_prefix (G:\\cncCRM\\backend\\node_modules\\express\\lib\\router\\index.js:328:13)\n    at G:\\cncCRM\\backend\\node_modules\\express\\lib\\router\\index.js:286:9\n    at router.process_params (G:\\cncCRM\\backend\\node_modules\\express\\lib\\router\\index.js:346:12)\n    at next (G:\\cncCRM\\backend\\node_modules\\express\\lib\\router\\index.js:280:10)\n    at router.handle (G:\\cncCRM\\backend\\node_modules\\express\\lib\\router\\index.js:175:3)\n    at router (G:\\cncCRM\\backend\\node_modules\\express\\lib\\router\\index.js:47:12)\n    at Layer.handle [as handle_request] (G:\\cncCRM\\backend\\node_modules\\express\\lib\\router\\layer.js:95:5)","status":"fail","statusCode":401,"timestamp":"2026-06-04 20:35:31"}
{"level":"info","message":"🔌 Database connection established successfully.","timestamp":"2026-06-04 20:40:19"}
{"level":"info","message":"🚀 Code N Clicks CRM server running on port 5000 in development mode.","timestamp":"2026-06-04 20:40:19"}
{"level":"info","message":"🔌 Database connection established successfully.","timestamp":"2026-06-12 14:14:18"}
{"level":"info","message":"🚀 Code N Clicks CRM server running on port 5000 in development mode.","timestamp":"2026-06-12 14:14:18"}
{"level":"info","message":"🔌 Database connection established successfully.","timestamp":"2026-06-12 15:48:22"}
{"level":"info","message":"🚀 Code N Clicks CRM server running on port 5000 in development mode.","timestamp":"2026-06-12 15:48:22"}
{"level":"info","message":"🔌 Database connection established successfully.","timestamp":"2026-06-12 15:49:48"}
{"level":"info","message":"🚀 Code N Clicks CRM server running on port 5000 in development mode.","timestamp":"2026-06-12 15:49:48"}
{"level":"info","message":"🔌 Database connection established successfully.","timestamp":"2026-06-12 15:49:59"}
{"level":"info","message":"🚀 Code N Clicks CRM server running on port 5000 in development mode.","timestamp":"2026-06-12 15:49:59"}
{"level":"info","message":"🔌 Database connection established successfully.","timestamp":"2026-06-12 15:50:45"}
{"level":"info","message":"🚀 Code N Clicks CRM server running on port 5000 in development mode.","timestamp":"2026-06-12 15:50:45"}
{"isOperational":true,"level":"error","message":"💥 Error handler caught: The user belonging to this token no longer exists.","stack":"Error: The user belonging to this token no longer exists.\n    at G:\\cncCRM\\backend\\src\\middlewares\\auth.middleware.ts:51:17","status":"fail","statusCode":401,"timestamp":"2026-06-12 15:53:25"}
{"level":"info","message":"🔌 Database connection established successfully.","timestamp":"2026-06-12 15:54:58"}
{"level":"info","message":"🚀 Code N Clicks CRM server running on port 5000 in development mode.","timestamp":"2026-06-12 15:54:58"}
{"level":"info","message":"🔌 Database connection established successfully.","timestamp":"2026-06-12 15:56:26"}
{"level":"info","message":"🚀 Code N Clicks CRM server running on port 5000 in development mode.","timestamp":"2026-06-12 15:56:26"}
{"level":"info","message":"🔌 Database connection established successfully.","timestamp":"2026-06-12 15:57:36"}
{"level":"info","message":"🚀 Code N Clicks CRM server running on port 5000 in development mode.","timestamp":"2026-06-12 15:57:36"}
{"level":"info","message":"🔌 Database connection established successfully.","timestamp":"2026-06-12 15:57:44"}
{"level":"info","message":"🚀 Code N Clicks CRM server running on port 5000 in development mode.","timestamp":"2026-06-12 15:57:44"}
{"level":"info","message":"🔌 Database connection established successfully.","timestamp":"2026-06-12 15:57:51"}
{"level":"info","message":"🚀 Code N Clicks CRM server running on port 5000 in development mode.","timestamp":"2026-06-12 15:57:51"}
{"level":"info","message":"🔌 Database connection established successfully.","timestamp":"2026-06-12 15:59:31"}
{"level":"info","message":"🚀 Code N Clicks CRM server running on port 5000 in development mode.","timestamp":"2026-06-12 15:59:31"}
{"level":"info","message":"🔌 Database connection established successfully.","timestamp":"2026-06-12 15:59:40"}
{"level":"info","message":"🚀 Code N Clicks CRM server running on port 5000 in development mode.","timestamp":"2026-06-12 15:59:40"}
{"level":"info","message":"🔌 Database connection established successfully.","timestamp":"2026-06-12 15:59:52"}
{"level":"info","message":"🚀 Code N Clicks CRM server running on port 5000 in development mode.","timestamp":"2026-06-12 15:59:52"}
{"level":"info","message":"🔌 Database connection established successfully.","timestamp":"2026-06-12 16:00:00"}
{"level":"info","message":"🚀 Code N Clicks CRM server running on port 5000 in development mode.","timestamp":"2026-06-12 16:00:00"}
{"level":"info","message":"🔌 Database connection established successfully.","timestamp":"2026-06-12 16:00:07"}
{"level":"info","message":"🚀 Code N Clicks CRM server running on port 5000 in development mode.","timestamp":"2026-06-12 16:00:07"}
{"level":"info","message":"🔌 Database connection established successfully.","timestamp":"2026-06-12 16:00:16"}
{"level":"info","message":"🚀 Code N Clicks CRM server running on port 5000 in development mode.","timestamp":"2026-06-12 16:00:16"}
{"level":"info","message":"🔌 Database connection established successfully.","timestamp":"2026-06-12 16:00:25"}
{"level":"info","message":"🚀 Code N Clicks CRM server running on port 5000 in development mode.","timestamp":"2026-06-12 16:00:25"}
{"level":"info","message":"🔌 Database connection established successfully.","timestamp":"2026-06-12 16:17:01"}
{"level":"info","message":"🚀 Code N Clicks CRM server running on port 5000 in development mode.","timestamp":"2026-06-12 16:17:01"}
{"level":"info","message":"🔌 Database connection established successfully.","timestamp":"2026-06-12 16:17:10"}
{"level":"info","message":"🚀 Code N Clicks CRM server running on port 5000 in development mode.","timestamp":"2026-06-12 16:17:10"}
{"clientVersion":"5.22.0","errorCode":"P1001","level":"error","message":"💥 Database connection failed: Can't reach database server at `localhost:3306`\n\nPlease make sure your database server is running at `localhost:3306`.","name":"PrismaClientInitializationError","stack":"PrismaClientInitializationError: Can't reach database server at `localhost:3306`\n\nPlease make sure your database server is running at `localhost:3306`.\n    at t (G:\\cncCRM\\backend\\node_modules\\@prisma\\client\\runtime\\library.js:112:2488)\n    at async startServer (G:\\cncCRM\\backend\\src\\server.ts:16:5)","timestamp":"2026-06-25 21:21:52"}
{"clientVersion":"5.22.0","errorCode":"P1001","level":"error","message":"💥 Database connection failed: Can't reach database server at `localhost:3306`\n\nPlease make sure your database server is running at `localhost:3306`.","name":"PrismaClientInitializationError","stack":"PrismaClientInitializationError: Can't reach database server at `localhost:3306`\n\nPlease make sure your database server is running at `localhost:3306`.\n    at t (G:\\cncCRM\\backend\\node_modules\\@prisma\\client\\runtime\\library.js:112:2488)\n    at async startServer (G:\\cncCRM\\backend\\src\\server.ts:16:5)","timestamp":"2026-06-25 21:21:56"}
{"level":"info","message":"🔌 Database connection established successfully.","timestamp":"2026-06-25 21:23:06"}
{"level":"info","message":"🚀 Code N Clicks CRM server running on port 5000 in development mode.","timestamp":"2026-06-25 21:23:06"}
{"isOperational":true,"level":"error","message":"💥 Error handler caught: Invalid token. Please log in again.","stack":"Error: Invalid token. Please log in again.\n    at G:\\cncCRM\\backend\\src\\middlewares\\auth.middleware.ts:31:17\n    at G:\\cncCRM\\backend\\src\\utils\\catchAsync.ts:5:5\n    at Layer.handle [as handle_request] (G:\\cncCRM\\backend\\node_modules\\express\\lib\\router\\layer.js:95:5)\n    at trim_prefix (G:\\cncCRM\\backend\\node_modules\\express\\lib\\router\\index.js:328:13)\n    at G:\\cncCRM\\backend\\node_modules\\express\\lib\\router\\index.js:286:9\n    at router.process_params (G:\\cncCRM\\backend\\node_modules\\express\\lib\\router\\index.js:346:12)\n    at next (G:\\cncCRM\\backend\\node_modules\\express\\lib\\router\\index.js:280:10)\n    at router.handle (G:\\cncCRM\\backend\\node_modules\\express\\lib\\router\\index.js:175:3)\n    at router (G:\\cncCRM\\backend\\node_modules\\express\\lib\\router\\index.js:47:12)\n    at Layer.handle [as handle_request] (G:\\cncCRM\\backend\\node_modules\\express\\lib\\router\\layer.js:95:5)","status":"fail","statusCode":401,"timestamp":"2026-06-25 21:23:32"}
{"level":"info","message":"🔌 Database connection established successfully.","timestamp":"2026-06-25 23:48:58"}
{"level":"info","message":"🚀 Code N Clicks CRM server running on port 5000 in development mode.","timestamp":"2026-06-25 23:48:58"}
{"level":"info","message":"🔌 Database connection established successfully.","timestamp":"2026-07-13 20:23:03"}
{"level":"info","message":"🚀 Code N Clicks CRM server running on port 5000 in development mode.","timestamp":"2026-07-13 20:23:03"}
{"clientVersion":"5.22.0","errorCode":"P1000","level":"error","message":"💥 Database connection failed: Authentication failed against database server at `localhost`, the provided database credentials for `root` are not valid.\n\nPlease make sure to provide valid database credentials for the database server at `localhost`.","name":"PrismaClientInitializationError","stack":"PrismaClientInitializationError: Authentication failed against database server at `localhost`, the provided database credentials for `root` are not valid.\n\nPlease make sure to provide valid database credentials for the database server at `localhost`.\n    at t (D:\\Development\\cncCRM\\backend\\node_modules\\@prisma\\client\\runtime\\library.js:112:2488)\n    at async startServer (D:\\Development\\cncCRM\\backend\\src\\server.ts:16:5)","timestamp":"2026-07-14 00:09:47"}
{"clientVersion":"5.22.0","errorCode":"P1000","level":"error","message":"💥 Database connection failed: Authentication failed against database server at `localhost`, the provided database credentials for `root` are not valid.\n\nPlease make sure to provide valid database credentials for the database server at `localhost`.","name":"PrismaClientInitializationError","stack":"PrismaClientInitializationError: Authentication failed against database server at `localhost`, the provided database credentials for `root` are not valid.\n\nPlease make sure to provide valid database credentials for the database server at `localhost`.\n    at t (D:\\Development\\cncCRM\\backend\\node_modules\\@prisma\\client\\runtime\\library.js:112:2488)\n    at async startServer (D:\\Development\\cncCRM\\backend\\src\\server.ts:16:5)","timestamp":"2026-07-14 00:11:16"}
{"level":"info","message":"🔌 Database connection established successfully.","timestamp":"2026-07-14 00:12:07"}
{"level":"info","message":"🚀 Code N Clicks CRM server running on port 5000 in development mode.","timestamp":"2026-07-14 00:12:07"}
{"level":"info","message":"🔌 Database connection established successfully.","timestamp":"2026-07-14 00:12:59"}
{"level":"info","message":"🚀 Code N Clicks CRM server running on port 5000 in development mode.","timestamp":"2026-07-14 00:12:59"}
{"level":"info","message":"🔌 Database connection established successfully.","timestamp":"2026-07-14 00:18:54"}
{"level":"info","message":"🔌 Database connection established successfully.","timestamp":"2026-07-14 00:19:14"}
{"level":"info","message":"🔌 Database connection established successfully.","timestamp":"2026-07-14 00:19:48"}
{"level":"info","message":"🚀 Code N Clicks CRM server running on port 5001 in development mode.","timestamp":"2026-07-14 00:19:48"}
